<?xml version="1.0" encoding="UTF-8"?>
<!-- Generated by org.testng.reporters.JUnitReportReporter -->
<testsuite hostname="DESKTOP-AIFHKEE" failures="0" tests="1" name="am.testcases.LoginTest" time="3.096" errors="0" timestamp="11 May 2021 09:57:19 GMT" skipped="0">
  <testcase classname="am.testcases.LoginTest" name="loginTest" time="3.096"/>
</testsuite> <!-- am.testcases.LoginTest -->
